0 info it worked if it ends with ok
1 verbose cli [ '/usr/local/bin/node',
1 verbose cli   '/Users/212400520/npm-global/bin/npm',
1 verbose cli   'start' ]
2 info using npm@3.10.6
3 info using node@v6.3.0
4 verbose run-script [ 'prestart', 'start', 'poststart' ]
5 info lifecycle remote-attestation-app@0.0.1~prestart: remote-attestation-app@0.0.1
6 silly lifecycle remote-attestation-app@0.0.1~prestart: no script for prestart, continuing
7 info lifecycle remote-attestation-app@0.0.1~start: remote-attestation-app@0.0.1
8 verbose lifecycle remote-attestation-app@0.0.1~start: unsafe-perm in lifecycle true
9 verbose lifecycle remote-attestation-app@0.0.1~start: PATH: /Users/212400520/npm-global/lib/node_modules/npm/bin/node-gyp-bin:/Users/212400520/2016GithubEnterprise/2016Github/chaincode_example/remote_attestation/web/node_modules/.bin:/Users/212400520/Frameworks/pm-v1.1.8-darwin64/:/Users/212400520/Frameworks/pm-v1.1.4-darwin64/uaa-scripts:/Users/212400520/Frameworks/sc-4.4.0-rc2-osx/bin:/Users/212400520/Frameworks/browsermob-proxy-2.1.2/bin:/Users/212400520/Frameworks/couchbase-server-enterprise_4/Couchbase Server.app//Contents/Resources/couchbase-core/bin:/Users/212400520/Frameworks/couchbase-sync-gateway/bin:/Users/212400520/.nvm:/Users/212400520/npm-global/bin:/Users/212400520/Frameworks/tree-1.7.0:/usr/local/opt/go/libexec/bin:/Users/212400520/Frameworks:/usr/local/bin:/usr/bin:/bin:/usr/sbin:/sbin
10 verbose lifecycle remote-attestation-app@0.0.1~start: CWD: /Users/212400520/2016GithubEnterprise/2016Github/chaincode_example/remote_attestation/web
11 silly lifecycle remote-attestation-app@0.0.1~start: Args: [ '-c', 'node server.js' ]
12 silly lifecycle remote-attestation-app@0.0.1~start: Returned: code: 1  signal: null
13 info lifecycle remote-attestation-app@0.0.1~start: Failed to exec start script
14 verbose stack Error: remote-attestation-app@0.0.1 start: `node server.js`
14 verbose stack Exit status 1
14 verbose stack     at EventEmitter.<anonymous> (/Users/212400520/npm-global/lib/node_modules/npm/lib/utils/lifecycle.js:255:16)
14 verbose stack     at emitTwo (events.js:106:13)
14 verbose stack     at EventEmitter.emit (events.js:191:7)
14 verbose stack     at ChildProcess.<anonymous> (/Users/212400520/npm-global/lib/node_modules/npm/lib/utils/spawn.js:40:14)
14 verbose stack     at emitTwo (events.js:106:13)
14 verbose stack     at ChildProcess.emit (events.js:191:7)
14 verbose stack     at maybeClose (internal/child_process.js:852:16)
14 verbose stack     at Process.ChildProcess._handle.onexit (internal/child_process.js:215:5)
15 verbose pkgid remote-attestation-app@0.0.1
16 verbose cwd /Users/212400520/2016GithubEnterprise/2016Github/chaincode_example/remote_attestation/web
17 error Darwin 15.5.0
18 error argv "/usr/local/bin/node" "/Users/212400520/npm-global/bin/npm" "start"
19 error node v6.3.0
20 error npm  v3.10.6
21 error code ELIFECYCLE
22 error remote-attestation-app@0.0.1 start: `node server.js`
22 error Exit status 1
23 error Failed at the remote-attestation-app@0.0.1 start script 'node server.js'.
23 error Make sure you have the latest version of node.js and npm installed.
23 error If you do, this is most likely a problem with the remote-attestation-app package,
23 error not with npm itself.
23 error Tell the author that this fails on your system:
23 error     node server.js
23 error You can get information on how to open an issue for this project with:
23 error     npm bugs remote-attestation-app
23 error Or if that isn't available, you can get their info via:
23 error     npm owner ls remote-attestation-app
23 error There is likely additional logging output above.
24 verbose exit [ 1, true ]
